build/app/intermediates/manifest_merge_blame_file/debug/manifest-merger-blame-debug-report.txt
1<?xml version="1.0" encoding="utf-8"?>
2<manifest xmlns:android="http://schemas.android.com/apk/res/android"
3    package="com.google.ar.core.examples.java.helloar"
4    android:versionCode="1"
5    android:versionName="1.0" >
6
7    <uses-sdk
8        android:minSdkVersion="24"
8-->src\main\AndroidManifest.xml
9        android:targetSdkVersion="32" />
9-->src\main\AndroidManifest.xml
10
11    <uses-permission
11-->src\main\AndroidManifest.xml:6:5-8:38
12        android:name="android.permission.WRITE_EXTERNAL_STORAGE"
12-->src\main\AndroidManifest.xml:7:9-65
13        android:maxSdkVersion="29" />
13-->src\main\AndroidManifest.xml:8:9-35
14    <uses-permission
14-->src\main\AndroidManifest.xml:9:5-11:38
15        android:name="android.permission.READ_EXTERNAL_STORAGE"
15-->src\main\AndroidManifest.xml:10:9-64
16        android:maxSdkVersion="29" />
16-->src\main\AndroidManifest.xml:11:9-35
17    <uses-permission android:name="android.permission.CAMERA" />
17-->src\main\AndroidManifest.xml:12:5-65
17-->src\main\AndroidManifest.xml:12:22-62
18    <!-- <uses-permission android:name="android.permission.write_storage"/> -->
19    <!-- <uses-permission android:name="com.google.android.c2dm.permission.RECEIVE" /> -->
20    <!--
21 Limits app visibility in the Google Play Store to ARCore supported devices
22       (https://developers.google.com/ar/devices).
23    -->
24    <uses-feature
24-->src\main\AndroidManifest.xml:19:5-21:35
25        android:name="android.hardware.camera.ar"
25-->src\main\AndroidManifest.xml:20:9-50
26        android:required="true" />
26-->src\main\AndroidManifest.xml:21:9-32
27    <uses-feature
27-->src\main\AndroidManifest.xml:22:5-24:35
28        android:glEsVersion="0x00020000"
28-->src\main\AndroidManifest.xml:23:9-41
29        android:required="true" />
29-->src\main\AndroidManifest.xml:24:9-32
30
31    <queries>
31-->[com.google.ar:core:1.29.0] AndroidManifest.xml:29:5-31:15
32        <package android:name="com.google.ar.core" />
32-->[com.google.ar:core:1.29.0] AndroidManifest.xml:30:9-54
32-->[com.google.ar:core:1.29.0] AndroidManifest.xml:30:18-51
33    </queries>
34
35    <application
35-->src\main\AndroidManifest.xml:26:5-48:19
36        android:allowBackup="false"
36-->src\main\AndroidManifest.xml:27:9-36
37        android:appComponentFactory="androidx.core.app.CoreComponentFactory"
37-->[androidx.core:core:1.7.0] AndroidManifest.xml:24:18-86
38        android:debuggable="true"
39        android:extractNativeLibs="false"
40        android:icon="@drawable/ic_launcher"
40-->src\main\AndroidManifest.xml:28:9-45
41        android:label="@string/app_name"
41-->src\main\AndroidManifest.xml:29:9-41
42        android:testOnly="true"
43        android:theme="@style/AppTheme"
43-->src\main\AndroidManifest.xml:30:9-40
44        android:usesCleartextTraffic="false" >
44-->src\main\AndroidManifest.xml:31:9-45
45        <activity
45-->src\main\AndroidManifest.xml:33:9-44:20
46            android:name="com.google.ar.core.examples.java.helloar.HelloArActivity"
46-->src\main\AndroidManifest.xml:34:13-44
47            android:configChanges="orientation|screenSize"
47-->src\main\AndroidManifest.xml:35:13-59
48            android:exported="true"
48-->src\main\AndroidManifest.xml:36:13-36
49            android:screenOrientation="locked"
49-->src\main\AndroidManifest.xml:37:13-47
50            android:theme="@style/Theme.AppCompat.NoActionBar" >
50-->src\main\AndroidManifest.xml:38:13-63
51            <intent-filter>
51-->src\main\AndroidManifest.xml:39:13-43:29
52                <action android:name="android.intent.action.MAIN" />
52-->src\main\AndroidManifest.xml:40:17-69
52-->src\main\AndroidManifest.xml:40:25-66
53
54                <category android:name="android.intent.category.LAUNCHER" />
54-->src\main\AndroidManifest.xml:42:17-77
54-->src\main\AndroidManifest.xml:42:27-74
55            </intent-filter>
56        </activity> <!-- Indicates whether "Google Play Services for AR" (ARCore) is "required" or "optional". -->
57        <meta-data
57-->src\main\AndroidManifest.xml:45:9-47:40
58            android:name="com.google.ar.core"
58-->src\main\AndroidManifest.xml:46:13-46
59            android:value="required" />
59-->src\main\AndroidManifest.xml:47:13-37
60        <!-- The minimal version code of ARCore APK required for an app using this SDK. -->
61        <meta-data
61-->[com.google.ar:core:1.29.0] AndroidManifest.xml:36:9-38:41
62            android:name="com.google.ar.core.min_apk_version"
62-->[com.google.ar:core:1.29.0] AndroidManifest.xml:37:13-62
63            android:value="212840000" /> <!-- This activity is critical for installing ARCore when it is not already present. -->
63-->[com.google.ar:core:1.29.0] AndroidManifest.xml:38:13-38
64        <activity
64-->[com.google.ar:core:1.29.0] AndroidManifest.xml:40:9-46:80
65            android:name="com.google.ar.core.InstallActivity"
65-->[com.google.ar:core:1.29.0] AndroidManifest.xml:41:13-62
66            android:configChanges="keyboardHidden|orientation|screenSize"
66-->[com.google.ar:core:1.29.0] AndroidManifest.xml:42:13-74
67            android:excludeFromRecents="true"
67-->[com.google.ar:core:1.29.0] AndroidManifest.xml:43:13-46
68            android:exported="false"
68-->[com.google.ar:core:1.29.0] AndroidManifest.xml:44:13-37
69            android:launchMode="singleTop"
69-->[com.google.ar:core:1.29.0] AndroidManifest.xml:45:13-43
70            android:theme="@android:style/Theme.Material.Light.Dialog.Alert" />
70-->[com.google.ar:core:1.29.0] AndroidManifest.xml:46:13-77
71
72        <provider
72-->[androidx.emoji2:emoji2:1.0.0] AndroidManifest.xml:26:9-34:20
73            android:name="androidx.startup.InitializationProvider"
73-->[androidx.emoji2:emoji2:1.0.0] AndroidManifest.xml:27:13-67
74            android:authorities="com.google.ar.core.examples.java.helloar.androidx-startup"
74-->[androidx.emoji2:emoji2:1.0.0] AndroidManifest.xml:28:13-68
75            android:exported="false" >
75-->[androidx.emoji2:emoji2:1.0.0] AndroidManifest.xml:29:13-37
76            <meta-data
76-->[androidx.emoji2:emoji2:1.0.0] AndroidManifest.xml:31:13-33:52
77                android:name="androidx.emoji2.text.EmojiCompatInitializer"
77-->[androidx.emoji2:emoji2:1.0.0] AndroidManifest.xml:32:17-75
78                android:value="androidx.startup" />
78-->[androidx.emoji2:emoji2:1.0.0] AndroidManifest.xml:33:17-49
79            <meta-data
79-->[androidx.lifecycle:lifecycle-process:2.4.0] AndroidManifest.xml:31:13-33:52
80                android:name="androidx.lifecycle.ProcessLifecycleInitializer"
80-->[androidx.lifecycle:lifecycle-process:2.4.0] AndroidManifest.xml:32:17-78
81                android:value="androidx.startup" />
81-->[androidx.lifecycle:lifecycle-process:2.4.0] AndroidManifest.xml:33:17-49
82        </provider>
83    </application>
84
85</manifest>